<?xml version="1.0" encoding="UTF-8"?>
<!-- Generated by org.testng.reporters.JUnitReportReporter -->
<testsuite hostname="DESKTOP-91U7I3P" failures="0" tests="3" name="testngannotation.TestCases" time="0.007" errors="0" timestamp="2024-03-19T12:31:15 EDT" skipped="0">
  <testcase classname="testngannotation.TestCases" name="testCase1" time="0.003"/>
  <system-out/>
  <testcase classname="testngannotation.TestCases" name="testCase2" time="0.002"/>
  <system-out/>
  <testcase classname="testngannotation.TestCases" name="testCase3" time="0.002"/>
  <system-out/>
</testsuite> <!-- testngannotation.TestCases -->
