<?xml version="1.0" encoding="UTF-8"?>
<!-- Generated by org.testng.reporters.JUnitReportReporter -->
<testsuite hostname="DESKTOP-91U7I3P" failures="0" tests="1" name="assertionsintestng.Program3" time="0.013" errors="0" timestamp="2024-03-20T15:10:03 EDT" skipped="0">
  <testcase classname="assertionsintestng.Program3" name="TestCaseFive" time="0.013"/>
  <system-out/>
</testsuite> <!-- assertionsintestng.Program3 -->
