<?xml version="1.0" encoding="UTF-8"?>
<!-- Generated by org.testng.reporters.JUnitReportReporter -->
<testsuite hostname="DESKTOP-91U7I3P" failures="0" tests="3" name="testngannotation.TestCases2" time="0.010" errors="0" timestamp="2024-03-19T12:34:58 EDT" skipped="0">
  <testcase classname="testngannotation.TestCases2" name="testCase5" time="0.001"/>
  <system-out/>
  <testcase classname="testngannotation.TestCases2" name="testCase4" time="0.008"/>
  <system-out/>
  <testcase classname="testngannotation.TestCases2" name="testCase6" time="0.001"/>
  <system-out/>
</testsuite> <!-- testngannotation.TestCases2 -->
